2023-02-07 13:15:07,452 - mmcls - INFO - Environment info:
------------------------------------------------------------
sys.platform: linux
Python: 3.8.16 (default, Jan 17 2023, 23:13:24) [GCC 11.2.0]
CUDA available: True
GPU 0: Tesla V100-SXM2-32GB
CUDA_HOME: /data/apps/CUDA/11.3.1
NVCC: Cuda compilation tools, release 11.3, V11.3.109
GCC: gcc (GCC) 9.3.0
PyTorch: 1.12.1
PyTorch compiling details: PyTorch built with:
  - GCC 9.3
  - C++ Version: 201402
  - Intel(R) oneAPI Math Kernel Library Version 2021.4-Product Build 20210904 for Intel(R) 64 architecture applications
  - Intel(R) MKL-DNN v2.6.0 (Git Hash 52b5f107dd9cf10910aaa19cb47f3abf9b349815)
  - OpenMP 201511 (a.k.a. OpenMP 4.5)
  - LAPACK is enabled (usually provided by MKL)
  - NNPACK is enabled
  - CPU capability usage: AVX2
  - CUDA Runtime 11.3
  - NVCC architecture flags: -gencode;arch=compute_37,code=sm_37;-gencode;arch=compute_50,code=sm_50;-gencode;arch=compute_60,code=sm_60;-gencode;arch=compute_61,code=sm_61;-gencode;arch=compute_70,code=sm_70;-gencode;arch=compute_75,code=sm_75;-gencode;arch=compute_80,code=sm_80;-gencode;arch=compute_86,code=sm_86;-gencode;arch=compute_37,code=compute_37
  - CuDNN 8.3.2  (built against CUDA 11.5)
  - Magma 2.5.2
  - Build settings: BLAS_INFO=mkl, BUILD_TYPE=Release, CUDA_VERSION=11.3, CUDNN_VERSION=8.3.2, CXX_COMPILER=/opt/rh/devtoolset-9/root/usr/bin/c++, CXX_FLAGS= -fabi-version=11 -Wno-deprecated -fvisibility-inlines-hidden -DUSE_PTHREADPOOL -fopenmp -DNDEBUG -DUSE_KINETO -DUSE_FBGEMM -DUSE_QNNPACK -DUSE_PYTORCH_QNNPACK -DUSE_XNNPACK -DSYMBOLICATE_MOBILE_DEBUG_HANDLE -DEDGE_PROFILER_USE_KINETO -O2 -fPIC -Wno-narrowing -Wall -Wextra -Werror=return-type -Wno-missing-field-initializers -Wno-type-limits -Wno-array-bounds -Wno-unknown-pragmas -Wno-unused-parameter -Wno-unused-function -Wno-unused-result -Wno-unused-local-typedefs -Wno-strict-overflow -Wno-strict-aliasing -Wno-error=deprecated-declarations -Wno-stringop-overflow -Wno-psabi -Wno-error=pedantic -Wno-error=redundant-decls -Wno-error=old-style-cast -fdiagnostics-color=always -faligned-new -Wno-unused-but-set-variable -Wno-maybe-uninitialized -fno-math-errno -fno-trapping-math -Werror=format -Werror=cast-function-type -Wno-stringop-overflow, LAPACK_INFO=mkl, PERF_WITH_AVX=1, PERF_WITH_AVX2=1, PERF_WITH_AVX512=1, TORCH_VERSION=1.12.1, USE_CUDA=ON, USE_CUDNN=ON, USE_EXCEPTION_PTR=1, USE_GFLAGS=OFF, USE_GLOG=OFF, USE_MKL=ON, USE_MKLDNN=OFF, USE_MPI=OFF, USE_NCCL=ON, USE_NNPACK=ON, USE_OPENMP=ON, USE_ROCM=OFF, 

TorchVision: 0.13.1
OpenCV: 4.7.0
MMCV: 1.7.1
MMCV Compiler: GCC 9.3
MMCV CUDA Compiler: 11.3
MMClassification: 0.25.0+
------------------------------------------------------------

2023-02-07 13:15:07,454 - mmcls - INFO - Distributed training: False
2023-02-07 13:15:07,633 - mmcls - INFO - Config:
model = dict(
    type='ImageClassifier',
    backbone=dict(
        type='ResNet',
        depth=18,
        num_stages=4,
        out_indices=(3, ),
        style='pytorch'),
    neck=dict(type='GlobalAveragePooling'),
    head=dict(
        type='LinearClsHead',
        num_classes=5,
        in_channels=512,
        loss=dict(type='CrossEntropyLoss', loss_weight=1.0),
        topk=(1, )))
dataset_type = 'ImageNet'
img_norm_cfg = dict(
    mean=[123.675, 116.28, 103.53], std=[58.395, 57.12, 57.375], to_rgb=True)
train_pipeline = [
    dict(type='LoadImageFromFile'),
    dict(type='RandomResizedCrop', size=224),
    dict(type='RandomFlip', flip_prob=0.5, direction='horizontal'),
    dict(
        type='Normalize',
        mean=[123.675, 116.28, 103.53],
        std=[58.395, 57.12, 57.375],
        to_rgb=True),
    dict(type='ImageToTensor', keys=['img']),
    dict(type='ToTensor', keys=['gt_label']),
    dict(type='Collect', keys=['img', 'gt_label'])
]
test_pipeline = [
    dict(type='LoadImageFromFile'),
    dict(type='Resize', size=(256, -1)),
    dict(type='CenterCrop', crop_size=224),
    dict(
        type='Normalize',
        mean=[123.675, 116.28, 103.53],
        std=[58.395, 57.12, 57.375],
        to_rgb=True),
    dict(type='ImageToTensor', keys=['img']),
    dict(type='Collect', keys=['img'])
]
data = dict(
    samples_per_gpu=32,
    workers_per_gpu=2,
    train=dict(
        type='ImageNet',
        data_prefix='data/',
        pipeline=[
            dict(type='LoadImageFromFile'),
            dict(type='RandomResizedCrop', size=224),
            dict(type='RandomFlip', flip_prob=0.5, direction='horizontal'),
            dict(
                type='Normalize',
                mean=[123.675, 116.28, 103.53],
                std=[58.395, 57.12, 57.375],
                to_rgb=True),
            dict(type='ImageToTensor', keys=['img']),
            dict(type='ToTensor', keys=['gt_label']),
            dict(type='Collect', keys=['img', 'gt_label'])
        ],
        ann_file='data/flower/train.txt',
        classes='data/flower/classes.txt'),
    val=dict(
        type='ImageNet',
        data_prefix='data/',
        ann_file='data/flower/val.txt',
        pipeline=[
            dict(type='LoadImageFromFile'),
            dict(type='Resize', size=(256, -1)),
            dict(type='CenterCrop', crop_size=224),
            dict(
                type='Normalize',
                mean=[123.675, 116.28, 103.53],
                std=[58.395, 57.12, 57.375],
                to_rgb=True),
            dict(type='ImageToTensor', keys=['img']),
            dict(type='Collect', keys=['img'])
        ],
        classes='data/flower/classes.txt'),
    test=dict(
        type='ImageNet',
        data_prefix='data/imagenet/val',
        ann_file='data/imagenet/meta/val.txt',
        pipeline=[
            dict(type='LoadImageFromFile'),
            dict(type='Resize', size=(256, -1)),
            dict(type='CenterCrop', crop_size=224),
            dict(
                type='Normalize',
                mean=[123.675, 116.28, 103.53],
                std=[58.395, 57.12, 57.375],
                to_rgb=True),
            dict(type='ImageToTensor', keys=['img']),
            dict(type='Collect', keys=['img'])
        ]))
evaluation = dict(interval=1, metric='accuracy')
checkpoint_config = dict(interval=1)
log_config = dict(interval=100, hooks=[dict(type='TextLoggerHook')])
dist_params = dict(backend='nccl')
log_level = 'INFO'
load_from = 'checkpoints/resnet18_batch256_imagenet_20200708-34ab8f90.pth'
resume_from = None
workflow = [('train', 1)]
optimizer = dict(type='SGD', lr=0.001, momentum=0.9, weight_decay=0.0001)
optimizer_config = dict(grad_clip=None)
lr_config = dict(policy='step', step=[1])
runner = dict(type='EpochBasedRunner', max_epochs=100)
work_dir = 'work'
gpu_ids = [0]

2023-02-07 13:15:07,633 - mmcls - INFO - Set random seed to 921090626, deterministic: False
2023-02-07 13:15:10,873 - mmcls - INFO - load checkpoint from local path: checkpoints/resnet18_batch256_imagenet_20200708-34ab8f90.pth
2023-02-07 13:15:11,005 - mmcls - WARNING - The model and loaded state dict do not match exactly

size mismatch for head.fc.weight: copying a param with shape torch.Size([1000, 512]) from checkpoint, the shape in current model is torch.Size([5, 512]).
size mismatch for head.fc.bias: copying a param with shape torch.Size([1000]) from checkpoint, the shape in current model is torch.Size([5]).
2023-02-07 13:15:11,006 - mmcls - INFO - Start running, host: scv9654@g0037, work_dir: /data/home/scv9654/mmclassification/work
2023-02-07 13:15:11,006 - mmcls - INFO - Hooks will be executed in the following order:
before_run:
(VERY_HIGH   ) StepLrUpdaterHook                  
(NORMAL      ) CheckpointHook                     
(LOW         ) EvalHook                           
(VERY_LOW    ) TextLoggerHook                     
 -------------------- 
before_train_epoch:
(VERY_HIGH   ) StepLrUpdaterHook                  
(LOW         ) IterTimerHook                      
(LOW         ) EvalHook                           
(VERY_LOW    ) TextLoggerHook                     
 -------------------- 
before_train_iter:
(VERY_HIGH   ) StepLrUpdaterHook                  
(LOW         ) IterTimerHook                      
(LOW         ) EvalHook                           
 -------------------- 
after_train_iter:
(ABOVE_NORMAL) OptimizerHook                      
(NORMAL      ) CheckpointHook                     
(LOW         ) IterTimerHook                      
(LOW         ) EvalHook                           
(VERY_LOW    ) TextLoggerHook                     
 -------------------- 
after_train_epoch:
(NORMAL      ) CheckpointHook                     
(LOW         ) EvalHook                           
(VERY_LOW    ) TextLoggerHook                     
 -------------------- 
before_val_epoch:
(LOW         ) IterTimerHook                      
(VERY_LOW    ) TextLoggerHook                     
 -------------------- 
before_val_iter:
(LOW         ) IterTimerHook                      
 -------------------- 
after_val_iter:
(LOW         ) IterTimerHook                      
 -------------------- 
after_val_epoch:
(VERY_LOW    ) TextLoggerHook                     
 -------------------- 
after_run:
(VERY_LOW    ) TextLoggerHook                     
 -------------------- 
2023-02-07 13:15:11,006 - mmcls - INFO - workflow: [('train', 1)], max: 100 epochs
2023-02-07 13:15:11,006 - mmcls - INFO - Checkpoints will be saved to /data/home/scv9654/mmclassification/work by HardDiskBackend.
2023-02-07 13:15:23,801 - mmcls - INFO - Saving checkpoint at 1 epochs
2023-02-07 13:15:25,664 - mmcls - INFO - Epoch(val) [1][18]	accuracy_top-1: 92.4825, accuracy_top-5: 100.0000
2023-02-07 13:15:32,200 - mmcls - INFO - Saving checkpoint at 2 epochs
2023-02-07 13:15:33,574 - mmcls - INFO - Epoch(val) [2][18]	accuracy_top-1: 92.1329, accuracy_top-5: 100.0000
2023-02-07 13:15:40,078 - mmcls - INFO - Saving checkpoint at 3 epochs
2023-02-07 13:15:41,476 - mmcls - INFO - Epoch(val) [3][18]	accuracy_top-1: 93.1818, accuracy_top-5: 100.0000
2023-02-07 13:15:47,894 - mmcls - INFO - Saving checkpoint at 4 epochs
2023-02-07 13:15:49,266 - mmcls - INFO - Epoch(val) [4][18]	accuracy_top-1: 93.0070, accuracy_top-5: 100.0000
2023-02-07 13:15:55,799 - mmcls - INFO - Saving checkpoint at 5 epochs
2023-02-07 13:15:57,264 - mmcls - INFO - Epoch(val) [5][18]	accuracy_top-1: 93.5315, accuracy_top-5: 100.0000
2023-02-07 13:16:03,946 - mmcls - INFO - Saving checkpoint at 6 epochs
2023-02-07 13:16:05,356 - mmcls - INFO - Epoch(val) [6][18]	accuracy_top-1: 93.3566, accuracy_top-5: 100.0000
2023-02-07 13:16:12,089 - mmcls - INFO - Saving checkpoint at 7 epochs
2023-02-07 13:16:13,463 - mmcls - INFO - Epoch(val) [7][18]	accuracy_top-1: 94.0559, accuracy_top-5: 100.0000
2023-02-07 13:16:19,887 - mmcls - INFO - Saving checkpoint at 8 epochs
2023-02-07 13:16:21,344 - mmcls - INFO - Epoch(val) [8][18]	accuracy_top-1: 93.7063, accuracy_top-5: 100.0000
2023-02-07 13:16:28,012 - mmcls - INFO - Saving checkpoint at 9 epochs
2023-02-07 13:16:29,388 - mmcls - INFO - Epoch(val) [9][18]	accuracy_top-1: 94.4056, accuracy_top-5: 100.0000
2023-02-07 13:16:36,262 - mmcls - INFO - Saving checkpoint at 10 epochs
2023-02-07 13:16:37,857 - mmcls - INFO - Epoch(val) [10][18]	accuracy_top-1: 94.0559, accuracy_top-5: 100.0000
2023-02-07 13:16:44,564 - mmcls - INFO - Saving checkpoint at 11 epochs
2023-02-07 13:16:45,993 - mmcls - INFO - Epoch(val) [11][18]	accuracy_top-1: 94.7552, accuracy_top-5: 100.0000
2023-02-07 13:16:52,493 - mmcls - INFO - Saving checkpoint at 12 epochs
2023-02-07 13:16:53,994 - mmcls - INFO - Epoch(val) [12][18]	accuracy_top-1: 94.4056, accuracy_top-5: 100.0000
2023-02-07 13:17:01,089 - mmcls - INFO - Saving checkpoint at 13 epochs
2023-02-07 13:17:02,590 - mmcls - INFO - Epoch(val) [13][18]	accuracy_top-1: 94.7552, accuracy_top-5: 100.0000
2023-02-07 13:17:09,123 - mmcls - INFO - Saving checkpoint at 14 epochs
2023-02-07 13:17:10,869 - mmcls - INFO - Epoch(val) [14][18]	accuracy_top-1: 94.9301, accuracy_top-5: 100.0000
2023-02-07 13:17:17,318 - mmcls - INFO - Saving checkpoint at 15 epochs
2023-02-07 13:17:18,714 - mmcls - INFO - Epoch(val) [15][18]	accuracy_top-1: 93.3566, accuracy_top-5: 100.0000
2023-02-07 13:17:25,229 - mmcls - INFO - Saving checkpoint at 16 epochs
2023-02-07 13:17:26,594 - mmcls - INFO - Epoch(val) [16][18]	accuracy_top-1: 94.9301, accuracy_top-5: 100.0000
2023-02-07 13:17:33,104 - mmcls - INFO - Saving checkpoint at 17 epochs
2023-02-07 13:17:34,484 - mmcls - INFO - Epoch(val) [17][18]	accuracy_top-1: 93.3566, accuracy_top-5: 100.0000
2023-02-07 13:17:40,942 - mmcls - INFO - Saving checkpoint at 18 epochs
2023-02-07 13:17:42,321 - mmcls - INFO - Epoch(val) [18][18]	accuracy_top-1: 94.2308, accuracy_top-5: 100.0000
2023-02-07 13:17:48,806 - mmcls - INFO - Saving checkpoint at 19 epochs
2023-02-07 13:17:50,229 - mmcls - INFO - Epoch(val) [19][18]	accuracy_top-1: 94.4056, accuracy_top-5: 100.0000
2023-02-07 13:17:56,733 - mmcls - INFO - Saving checkpoint at 20 epochs
2023-02-07 13:17:58,110 - mmcls - INFO - Epoch(val) [20][18]	accuracy_top-1: 94.5804, accuracy_top-5: 100.0000
2023-02-07 13:18:04,604 - mmcls - INFO - Saving checkpoint at 21 epochs
2023-02-07 13:18:05,943 - mmcls - INFO - Epoch(val) [21][18]	accuracy_top-1: 93.8811, accuracy_top-5: 100.0000
2023-02-07 13:18:12,553 - mmcls - INFO - Saving checkpoint at 22 epochs
2023-02-07 13:18:13,918 - mmcls - INFO - Epoch(val) [22][18]	accuracy_top-1: 94.4056, accuracy_top-5: 100.0000
2023-02-07 13:18:20,378 - mmcls - INFO - Saving checkpoint at 23 epochs
2023-02-07 13:18:21,797 - mmcls - INFO - Epoch(val) [23][18]	accuracy_top-1: 94.9301, accuracy_top-5: 100.0000
2023-02-07 13:18:28,267 - mmcls - INFO - Saving checkpoint at 24 epochs
2023-02-07 13:18:29,662 - mmcls - INFO - Epoch(val) [24][18]	accuracy_top-1: 94.2308, accuracy_top-5: 100.0000
2023-02-07 13:18:36,259 - mmcls - INFO - Saving checkpoint at 25 epochs
2023-02-07 13:18:37,614 - mmcls - INFO - Epoch(val) [25][18]	accuracy_top-1: 94.7552, accuracy_top-5: 100.0000
2023-02-07 13:18:44,080 - mmcls - INFO - Saving checkpoint at 26 epochs
2023-02-07 13:18:45,446 - mmcls - INFO - Epoch(val) [26][18]	accuracy_top-1: 95.4545, accuracy_top-5: 100.0000
2023-02-07 13:18:51,895 - mmcls - INFO - Saving checkpoint at 27 epochs
2023-02-07 13:18:53,301 - mmcls - INFO - Epoch(val) [27][18]	accuracy_top-1: 94.5804, accuracy_top-5: 100.0000
2023-02-07 13:18:59,748 - mmcls - INFO - Saving checkpoint at 28 epochs
2023-02-07 13:19:01,200 - mmcls - INFO - Epoch(val) [28][18]	accuracy_top-1: 94.5804, accuracy_top-5: 100.0000
2023-02-07 13:19:07,760 - mmcls - INFO - Saving checkpoint at 29 epochs
2023-02-07 13:19:09,193 - mmcls - INFO - Epoch(val) [29][18]	accuracy_top-1: 94.5804, accuracy_top-5: 100.0000
2023-02-07 13:19:15,684 - mmcls - INFO - Saving checkpoint at 30 epochs
2023-02-07 13:19:17,075 - mmcls - INFO - Epoch(val) [30][18]	accuracy_top-1: 94.5804, accuracy_top-5: 100.0000
2023-02-07 13:19:23,688 - mmcls - INFO - Saving checkpoint at 31 epochs
2023-02-07 13:19:25,106 - mmcls - INFO - Epoch(val) [31][18]	accuracy_top-1: 94.0559, accuracy_top-5: 100.0000
2023-02-07 13:19:31,631 - mmcls - INFO - Saving checkpoint at 32 epochs
2023-02-07 13:19:33,065 - mmcls - INFO - Epoch(val) [32][18]	accuracy_top-1: 94.4056, accuracy_top-5: 100.0000
2023-02-07 13:19:39,548 - mmcls - INFO - Saving checkpoint at 33 epochs
2023-02-07 13:19:40,903 - mmcls - INFO - Epoch(val) [33][18]	accuracy_top-1: 94.0559, accuracy_top-5: 100.0000
2023-02-07 13:19:47,515 - mmcls - INFO - Saving checkpoint at 34 epochs
2023-02-07 13:19:48,905 - mmcls - INFO - Epoch(val) [34][18]	accuracy_top-1: 94.7552, accuracy_top-5: 100.0000
2023-02-07 13:19:55,613 - mmcls - INFO - Saving checkpoint at 35 epochs
2023-02-07 13:19:56,993 - mmcls - INFO - Epoch(val) [35][18]	accuracy_top-1: 94.7552, accuracy_top-5: 100.0000
2023-02-07 13:20:03,486 - mmcls - INFO - Saving checkpoint at 36 epochs
2023-02-07 13:20:04,851 - mmcls - INFO - Epoch(val) [36][18]	accuracy_top-1: 95.2797, accuracy_top-5: 100.0000
2023-02-07 13:20:11,428 - mmcls - INFO - Saving checkpoint at 37 epochs
2023-02-07 13:20:12,814 - mmcls - INFO - Epoch(val) [37][18]	accuracy_top-1: 94.7552, accuracy_top-5: 100.0000
2023-02-07 13:20:19,283 - mmcls - INFO - Saving checkpoint at 38 epochs
2023-02-07 13:20:20,683 - mmcls - INFO - Epoch(val) [38][18]	accuracy_top-1: 94.9301, accuracy_top-5: 100.0000
2023-02-07 13:20:27,185 - mmcls - INFO - Saving checkpoint at 39 epochs
2023-02-07 13:20:28,609 - mmcls - INFO - Epoch(val) [39][18]	accuracy_top-1: 94.5804, accuracy_top-5: 100.0000
2023-02-07 13:20:35,108 - mmcls - INFO - Saving checkpoint at 40 epochs
2023-02-07 13:20:36,495 - mmcls - INFO - Epoch(val) [40][18]	accuracy_top-1: 94.5804, accuracy_top-5: 100.0000
2023-02-07 13:20:43,087 - mmcls - INFO - Saving checkpoint at 41 epochs
2023-02-07 13:20:44,519 - mmcls - INFO - Epoch(val) [41][18]	accuracy_top-1: 94.7552, accuracy_top-5: 100.0000
2023-02-07 13:20:51,015 - mmcls - INFO - Saving checkpoint at 42 epochs
2023-02-07 13:20:52,396 - mmcls - INFO - Epoch(val) [42][18]	accuracy_top-1: 94.4056, accuracy_top-5: 100.0000
2023-02-07 13:20:58,845 - mmcls - INFO - Saving checkpoint at 43 epochs
2023-02-07 13:21:00,220 - mmcls - INFO - Epoch(val) [43][18]	accuracy_top-1: 94.9301, accuracy_top-5: 100.0000
2023-02-07 13:21:06,723 - mmcls - INFO - Saving checkpoint at 44 epochs
2023-02-07 13:21:08,137 - mmcls - INFO - Epoch(val) [44][18]	accuracy_top-1: 94.7552, accuracy_top-5: 100.0000
2023-02-07 13:21:14,739 - mmcls - INFO - Saving checkpoint at 45 epochs
2023-02-07 13:21:16,174 - mmcls - INFO - Epoch(val) [45][18]	accuracy_top-1: 94.9301, accuracy_top-5: 100.0000
2023-02-07 13:21:22,782 - mmcls - INFO - Saving checkpoint at 46 epochs
2023-02-07 13:21:24,136 - mmcls - INFO - Epoch(val) [46][18]	accuracy_top-1: 94.7552, accuracy_top-5: 100.0000
2023-02-07 13:21:30,661 - mmcls - INFO - Saving checkpoint at 47 epochs
2023-02-07 13:21:32,108 - mmcls - INFO - Epoch(val) [47][18]	accuracy_top-1: 94.9301, accuracy_top-5: 100.0000
2023-02-07 13:21:38,617 - mmcls - INFO - Saving checkpoint at 48 epochs
2023-02-07 13:21:40,071 - mmcls - INFO - Epoch(val) [48][18]	accuracy_top-1: 94.9301, accuracy_top-5: 100.0000
2023-02-07 13:21:46,599 - mmcls - INFO - Saving checkpoint at 49 epochs
2023-02-07 13:21:48,060 - mmcls - INFO - Epoch(val) [49][18]	accuracy_top-1: 94.5804, accuracy_top-5: 100.0000
2023-02-07 13:21:54,630 - mmcls - INFO - Saving checkpoint at 50 epochs
2023-02-07 13:21:55,989 - mmcls - INFO - Epoch(val) [50][18]	accuracy_top-1: 94.4056, accuracy_top-5: 100.0000
2023-02-07 13:22:02,545 - mmcls - INFO - Saving checkpoint at 51 epochs
2023-02-07 13:22:03,926 - mmcls - INFO - Epoch(val) [51][18]	accuracy_top-1: 94.7552, accuracy_top-5: 100.0000
2023-02-07 13:22:10,443 - mmcls - INFO - Saving checkpoint at 52 epochs
2023-02-07 13:22:11,803 - mmcls - INFO - Epoch(val) [52][18]	accuracy_top-1: 94.7552, accuracy_top-5: 100.0000
2023-02-07 13:22:18,392 - mmcls - INFO - Saving checkpoint at 53 epochs
2023-02-07 13:22:19,751 - mmcls - INFO - Epoch(val) [53][18]	accuracy_top-1: 94.5804, accuracy_top-5: 100.0000
2023-02-07 13:22:26,267 - mmcls - INFO - Saving checkpoint at 54 epochs
2023-02-07 13:22:27,694 - mmcls - INFO - Epoch(val) [54][18]	accuracy_top-1: 94.5804, accuracy_top-5: 100.0000
2023-02-07 13:22:34,200 - mmcls - INFO - Saving checkpoint at 55 epochs
2023-02-07 13:22:35,653 - mmcls - INFO - Epoch(val) [55][18]	accuracy_top-1: 94.9301, accuracy_top-5: 100.0000
2023-02-07 13:22:42,199 - mmcls - INFO - Saving checkpoint at 56 epochs
2023-02-07 13:22:43,576 - mmcls - INFO - Epoch(val) [56][18]	accuracy_top-1: 94.5804, accuracy_top-5: 100.0000
2023-02-07 13:22:50,144 - mmcls - INFO - Saving checkpoint at 57 epochs
2023-02-07 13:22:51,546 - mmcls - INFO - Epoch(val) [57][18]	accuracy_top-1: 94.9301, accuracy_top-5: 100.0000
2023-02-07 13:22:58,051 - mmcls - INFO - Saving checkpoint at 58 epochs
2023-02-07 13:22:59,453 - mmcls - INFO - Epoch(val) [58][18]	accuracy_top-1: 94.7552, accuracy_top-5: 100.0000
2023-02-07 13:23:05,964 - mmcls - INFO - Saving checkpoint at 59 epochs
2023-02-07 13:23:07,391 - mmcls - INFO - Epoch(val) [59][18]	accuracy_top-1: 94.9301, accuracy_top-5: 100.0000
2023-02-07 13:23:14,286 - mmcls - INFO - Saving checkpoint at 60 epochs
2023-02-07 13:23:15,709 - mmcls - INFO - Epoch(val) [60][18]	accuracy_top-1: 94.9301, accuracy_top-5: 100.0000
2023-02-07 13:23:22,196 - mmcls - INFO - Saving checkpoint at 61 epochs
2023-02-07 13:23:23,558 - mmcls - INFO - Epoch(val) [61][18]	accuracy_top-1: 94.5804, accuracy_top-5: 100.0000
2023-02-07 13:23:30,063 - mmcls - INFO - Saving checkpoint at 62 epochs
2023-02-07 13:23:31,494 - mmcls - INFO - Epoch(val) [62][18]	accuracy_top-1: 94.7552, accuracy_top-5: 100.0000
2023-02-07 13:23:38,034 - mmcls - INFO - Saving checkpoint at 63 epochs
2023-02-07 13:23:39,465 - mmcls - INFO - Epoch(val) [63][18]	accuracy_top-1: 94.5804, accuracy_top-5: 100.0000
2023-02-07 13:23:45,954 - mmcls - INFO - Saving checkpoint at 64 epochs
2023-02-07 13:23:47,317 - mmcls - INFO - Epoch(val) [64][18]	accuracy_top-1: 94.5804, accuracy_top-5: 100.0000
2023-02-07 13:23:53,884 - mmcls - INFO - Saving checkpoint at 65 epochs
2023-02-07 13:23:55,287 - mmcls - INFO - Epoch(val) [65][18]	accuracy_top-1: 94.7552, accuracy_top-5: 100.0000
2023-02-07 13:24:01,909 - mmcls - INFO - Saving checkpoint at 66 epochs
2023-02-07 13:24:03,445 - mmcls - INFO - Epoch(val) [66][18]	accuracy_top-1: 94.7552, accuracy_top-5: 100.0000
2023-02-07 13:24:10,053 - mmcls - INFO - Saving checkpoint at 67 epochs
2023-02-07 13:24:11,465 - mmcls - INFO - Epoch(val) [67][18]	accuracy_top-1: 95.1049, accuracy_top-5: 100.0000
2023-02-07 13:24:18,006 - mmcls - INFO - Saving checkpoint at 68 epochs
2023-02-07 13:24:19,374 - mmcls - INFO - Epoch(val) [68][18]	accuracy_top-1: 94.9301, accuracy_top-5: 100.0000
2023-02-07 13:24:25,922 - mmcls - INFO - Saving checkpoint at 69 epochs
2023-02-07 13:24:27,316 - mmcls - INFO - Epoch(val) [69][18]	accuracy_top-1: 94.9301, accuracy_top-5: 100.0000
2023-02-07 13:24:33,894 - mmcls - INFO - Saving checkpoint at 70 epochs
2023-02-07 13:24:35,283 - mmcls - INFO - Epoch(val) [70][18]	accuracy_top-1: 94.9301, accuracy_top-5: 100.0000
2023-02-07 13:24:41,809 - mmcls - INFO - Saving checkpoint at 71 epochs
2023-02-07 13:24:43,201 - mmcls - INFO - Epoch(val) [71][18]	accuracy_top-1: 94.9301, accuracy_top-5: 100.0000
2023-02-07 13:24:49,800 - mmcls - INFO - Saving checkpoint at 72 epochs
2023-02-07 13:24:51,140 - mmcls - INFO - Epoch(val) [72][18]	accuracy_top-1: 94.7552, accuracy_top-5: 100.0000
2023-02-07 13:24:57,686 - mmcls - INFO - Saving checkpoint at 73 epochs
2023-02-07 13:24:59,075 - mmcls - INFO - Epoch(val) [73][18]	accuracy_top-1: 94.7552, accuracy_top-5: 100.0000
2023-02-07 13:25:05,749 - mmcls - INFO - Saving checkpoint at 74 epochs
2023-02-07 13:25:07,246 - mmcls - INFO - Epoch(val) [74][18]	accuracy_top-1: 95.1049, accuracy_top-5: 100.0000
2023-02-07 13:25:13,820 - mmcls - INFO - Saving checkpoint at 75 epochs
2023-02-07 13:25:15,232 - mmcls - INFO - Epoch(val) [75][18]	accuracy_top-1: 94.9301, accuracy_top-5: 100.0000
2023-02-07 13:25:22,023 - mmcls - INFO - Saving checkpoint at 76 epochs
2023-02-07 13:25:23,426 - mmcls - INFO - Epoch(val) [76][18]	accuracy_top-1: 95.1049, accuracy_top-5: 100.0000
2023-02-07 13:25:29,973 - mmcls - INFO - Saving checkpoint at 77 epochs
2023-02-07 13:25:31,370 - mmcls - INFO - Epoch(val) [77][18]	accuracy_top-1: 94.7552, accuracy_top-5: 100.0000
2023-02-07 13:25:37,972 - mmcls - INFO - Saving checkpoint at 78 epochs
2023-02-07 13:25:39,363 - mmcls - INFO - Epoch(val) [78][18]	accuracy_top-1: 95.2797, accuracy_top-5: 100.0000
2023-02-07 13:25:45,935 - mmcls - INFO - Saving checkpoint at 79 epochs
2023-02-07 13:25:47,310 - mmcls - INFO - Epoch(val) [79][18]	accuracy_top-1: 94.9301, accuracy_top-5: 100.0000
2023-02-07 13:25:53,886 - mmcls - INFO - Saving checkpoint at 80 epochs
2023-02-07 13:25:55,269 - mmcls - INFO - Epoch(val) [80][18]	accuracy_top-1: 95.4545, accuracy_top-5: 100.0000
2023-02-07 13:26:01,821 - mmcls - INFO - Saving checkpoint at 81 epochs
2023-02-07 13:26:03,192 - mmcls - INFO - Epoch(val) [81][18]	accuracy_top-1: 94.5804, accuracy_top-5: 100.0000
2023-02-07 13:26:09,812 - mmcls - INFO - Saving checkpoint at 82 epochs
2023-02-07 13:26:11,243 - mmcls - INFO - Epoch(val) [82][18]	accuracy_top-1: 95.2797, accuracy_top-5: 100.0000
2023-02-07 13:26:17,720 - mmcls - INFO - Saving checkpoint at 83 epochs
2023-02-07 13:26:19,124 - mmcls - INFO - Epoch(val) [83][18]	accuracy_top-1: 94.9301, accuracy_top-5: 100.0000
2023-02-07 13:26:25,611 - mmcls - INFO - Saving checkpoint at 84 epochs
2023-02-07 13:26:26,979 - mmcls - INFO - Epoch(val) [84][18]	accuracy_top-1: 94.5804, accuracy_top-5: 100.0000
2023-02-07 13:26:33,518 - mmcls - INFO - Saving checkpoint at 85 epochs
2023-02-07 13:26:34,869 - mmcls - INFO - Epoch(val) [85][18]	accuracy_top-1: 94.7552, accuracy_top-5: 100.0000
2023-02-07 13:26:41,410 - mmcls - INFO - Saving checkpoint at 86 epochs
2023-02-07 13:26:42,889 - mmcls - INFO - Epoch(val) [86][18]	accuracy_top-1: 94.5804, accuracy_top-5: 100.0000
2023-02-07 13:26:49,517 - mmcls - INFO - Saving checkpoint at 87 epochs
2023-02-07 13:26:50,896 - mmcls - INFO - Epoch(val) [87][18]	accuracy_top-1: 94.9301, accuracy_top-5: 100.0000
2023-02-07 13:26:57,381 - mmcls - INFO - Saving checkpoint at 88 epochs
2023-02-07 13:26:58,736 - mmcls - INFO - Epoch(val) [88][18]	accuracy_top-1: 94.7552, accuracy_top-5: 100.0000
2023-02-07 13:27:05,378 - mmcls - INFO - Saving checkpoint at 89 epochs
2023-02-07 13:27:06,788 - mmcls - INFO - Epoch(val) [89][18]	accuracy_top-1: 95.2797, accuracy_top-5: 100.0000
2023-02-07 13:27:13,295 - mmcls - INFO - Saving checkpoint at 90 epochs
2023-02-07 13:27:14,667 - mmcls - INFO - Epoch(val) [90][18]	accuracy_top-1: 94.9301, accuracy_top-5: 100.0000
2023-02-07 13:27:21,256 - mmcls - INFO - Saving checkpoint at 91 epochs
2023-02-07 13:27:22,596 - mmcls - INFO - Epoch(val) [91][18]	accuracy_top-1: 94.7552, accuracy_top-5: 100.0000
2023-02-07 13:27:29,181 - mmcls - INFO - Saving checkpoint at 92 epochs
2023-02-07 13:27:30,533 - mmcls - INFO - Epoch(val) [92][18]	accuracy_top-1: 94.7552, accuracy_top-5: 100.0000
2023-02-07 13:27:37,077 - mmcls - INFO - Saving checkpoint at 93 epochs
2023-02-07 13:27:38,482 - mmcls - INFO - Epoch(val) [93][18]	accuracy_top-1: 94.9301, accuracy_top-5: 100.0000
2023-02-07 13:27:45,175 - mmcls - INFO - Saving checkpoint at 94 epochs
2023-02-07 13:27:46,607 - mmcls - INFO - Epoch(val) [94][18]	accuracy_top-1: 94.7552, accuracy_top-5: 100.0000
2023-02-07 13:27:53,221 - mmcls - INFO - Saving checkpoint at 95 epochs
2023-02-07 13:27:54,558 - mmcls - INFO - Epoch(val) [95][18]	accuracy_top-1: 94.9301, accuracy_top-5: 100.0000
2023-02-07 13:28:01,117 - mmcls - INFO - Saving checkpoint at 96 epochs
2023-02-07 13:28:02,484 - mmcls - INFO - Epoch(val) [96][18]	accuracy_top-1: 95.1049, accuracy_top-5: 100.0000
2023-02-07 13:28:08,929 - mmcls - INFO - Saving checkpoint at 97 epochs
2023-02-07 13:28:10,333 - mmcls - INFO - Epoch(val) [97][18]	accuracy_top-1: 94.9301, accuracy_top-5: 100.0000
2023-02-07 13:28:16,850 - mmcls - INFO - Saving checkpoint at 98 epochs
2023-02-07 13:28:18,233 - mmcls - INFO - Epoch(val) [98][18]	accuracy_top-1: 94.9301, accuracy_top-5: 100.0000
2023-02-07 13:28:24,790 - mmcls - INFO - Saving checkpoint at 99 epochs
2023-02-07 13:28:26,211 - mmcls - INFO - Epoch(val) [99][18]	accuracy_top-1: 95.4545, accuracy_top-5: 100.0000
2023-02-07 13:28:32,720 - mmcls - INFO - Saving checkpoint at 100 epochs
2023-02-07 13:28:34,124 - mmcls - INFO - Epoch(val) [100][18]	accuracy_top-1: 94.5804, accuracy_top-5: 100.0000
